C51 COMPILER V9.01   MAIN                                                                  07/12/2016 22:04:31 PAGE 1   


C51 COMPILER V9.01, COMPILATION OF MODULE MAIN
OBJECT MODULE PLACED IN main.OBJ
COMPILER INVOKED BY: C:\Keil\C51\BIN\C51.EXE main.c BROWSE DEBUG OBJECTEXTEND

line level    source

   1          /**********************ZYWIFI0939C-WIFI机器人实验板例程************************
   2          *  平台：ZYWIFI0939C-WIFI机器人 + Keil U4 + STC89C52
   3          *  名称：ZY-1智能小车参考程序
   4          *  公司：湖南智宇科教设备有限公司
   5          *  淘宝：https://hnzyrobot1688.taobao.com/     
   6          *  网站：www.hnzhiyu.cn 
   7          *  编写：智宇公司研发一部
   8          *  日期：2015-1-15
   9          *  交流:智能车QQ:261339276
  10          *  晶振:11.0592MHZ
  11          *  说明：免费开源，不提供源代码分析
  12          *  硬件设置：要有自己动手能力，才能完成实验
  13          *  使用说明：根据下面IO口自己用杜邦线连接各种模块，可以自己修改各种模块IO口
  14          *  视频教程：本小车配套学习C语言详细视频教程，资料统一网盘下载
  15             重点提示：本程序只做参考，不提供技术支持，请自己研究吸收。
  16              
  17          ******************************************************************/
  18              
  19          /*============================================================
  20          A键被按下  小车前进     B键被按下小车左转   C键被按下小车右转  D键被按下 小车后退    C D键同时被按下小车停
             -止
  21          =============================================================*/
  22          /******************************定义头文件*************************/
  23          #include <AT89X52.h>
  24          #define uchar unsigned char
  25          #define uint unsigned int
  26          /*****************************IO口定义****************************/
  27          sbit EN1 = P1^6;                        //右轮调速
  28          sbit EN2 = P1^7;                        //左轮调速
  29          
  30          sbit IN1 = P1^2;                         /*电机正反转逻辑控制端*/
  31          sbit IN2 = P1^3;
  32          sbit IN3 = P1^4;
  33          sbit IN4 = P1^5;
  34          
  35          sbit Key_B = P0^7;                       //B键信号端      对应D0
  36          sbit Key_D = P0^6;                      //D键信号端               对应D1
  37          sbit Key_A = P0^5;                      //A键信号端               对应D2
  38          sbit Key_C = P0^4;                      //C键信号端               对应D3
  39          
  40          /**************************子函数定义****************************/
  41          void forward()                     //前进函数
  42          {
  43   1           IN1=1;             //左电机
  44   1               IN2=0;
  45   1               IN3=1;         //右电机
  46   1               IN4=0;
  47   1               EN1=1;
  48   1               EN2=1; 
  49   1      }
  50          
  51          void back()                                     //后退函数
  52          {
  53   1           IN1=0;             //左电机
  54   1               IN2=1;
C51 COMPILER V9.01   MAIN                                                                  07/12/2016 22:04:31 PAGE 2   

  55   1               IN3=0;         //右电机
  56   1               IN4=1;
  57   1               EN1=1;
  58   1               EN2=1;
  59   1      }
  60          
  61          void left()                                //左转函数
  62          {
  63   1           IN1=0;             //左电机
  64   1               IN2=0;
  65   1               IN3=1;         //右电机
  66   1               IN4=0;
  67   1               EN1=1;
  68   1               EN2=1;
  69   1      }
  70          
  71          void right()                       //右转函数
  72          {
  73   1           IN1=1;             //左电机
  74   1               IN2=0;
  75   1               IN3=0;         //右电机
  76   1               IN4=0;
  77   1               EN1=1;
  78   1               EN2=1;
  79   1      }
  80          void stop()                                     //停止函数
  81          {
  82   1           IN1=0;             //左电机
  83   1               IN2=0;
  84   1               IN3=0;         //右电机
  85   1               IN4=0;
  86   1               EN1=1;
  87   1               EN2=1;
  88   1      }
  89          /***************************主函数*****************************/
  90          void main()
  91          {
  92   1              while(1)                          //while循环
  93   1              {
  94   2                      if(Key_B==0&&Key_D==0&&Key_A==1&&Key_C==0)      //A键被按下
  95   2                      {
  96   3                              forward();                                              //小车前进?
  97   3                      }
  98   2                      else if(Key_B==1&&Key_D==0&&Key_A==0&&Key_C==0) //B键被按下
  99   2                      {
 100   3                              right();                                                //小车右转
 101   3                      }
 102   2                      else if(Key_B==0&&Key_D==0&&Key_A==0&&Key_C==1) //C键被按下
 103   2                      {
 104   3                              left();                                         //小车左转
 105   3                      }
 106   2                      else if(Key_B==0&&Key_D==1&&Key_A==0&&Key_C==0) //D键被按下
 107   2                      {
 108   3                              back();                                 //小车后退      
 109   3                      }
 110   2                      else if(Key_B==0&&Key_D==1&&Key_A==0&&Key_C==1) //CD键同时被按下
 111   2                      {
 112   3                              stop();                                 //小车停止      
 113   3                      }
 114   2                      else
 115   2                      {
 116   3      //                      stop();
C51 COMPILER V9.01   MAIN                                                                  07/12/2016 22:04:31 PAGE 3   

 117   3                      }
 118   2              }        
 119   1      
 120   1      }


MODULE INFORMATION:   STATIC OVERLAYABLE
   CODE SIZE        =    150    ----
   CONSTANT SIZE    =   ----    ----
   XDATA SIZE       =   ----    ----
   PDATA SIZE       =   ----    ----
   DATA SIZE        =   ----    ----
   IDATA SIZE       =   ----    ----
   BIT SIZE         =   ----    ----
END OF MODULE INFORMATION.


C51 COMPILATION COMPLETE.  0 WARNING(S),  0 ERROR(S)
